<?xml version="1.0" encoding="UTF-8" ?>
<!--
  ~ Copyright 2015 Google Inc. All rights reserved.
  ~
  ~ Licensed under the Apache License, Version 2.0 (the "License");
  ~ you may not use this file except in compliance with the License.
  ~ You may obtain a copy of the License at
  ~
  ~     http://www.apache.org/licenses/LICENSE-2.0
  ~
  ~ Unless required by applicable law or agreed to in writing, software
  ~ distributed under the License is distributed on an "AS IS" BASIS,
  ~ WITHOUT WARRANTIES OR CONDITIONS OF ANY KIND, either express or implied.
  ~ See the License for the specific language governing permissions and
  ~ limitations under the License.
  -->

<testsuites name="" tests="14" failures="0" errors="1" time="66.083">
    <testsuite name="" tests="14" failures="0" errors="1" time="66.083">
        <testsuite failures="1" time="0.068" errors="2" skipped="4" tests="8" name="com.google.errorprone.matchers.ConstructorOfClassTest">
            <properties>
                <property name="java.runtime.name" value="Java(TM) SE Runtime Environment"/>
                <property name="sun.cpu.isalist" value=""/>
            </properties>
            <testcase time="0.017" classname="com.google.errorprone.matchers.ConstructorOfClassTest" name="shouldMatchSingleConstructor"/>
        </testsuite>
    </testsuite>
</testsuites>